RUN	simulations.CsvFeedSimulation		csvfeedsimulation	1589452481690	 	2.0
USER	CsvFeedSimulation	1	START	1589452482858	1589452482858
USER	CsvFeedSimulation	2	START	1589452482884	1589452482884
USER	CsvFeedSimulation	3	START	1589452482885	1589452482885
USER	CsvFeedSimulation	4	START	1589452482886	1589452482886
USER	CsvFeedSimulation	5	START	1589452482887	1589452482887
USER	CsvFeedSimulation	6	START	1589452482887	1589452482887
USER	CsvFeedSimulation	7	START	1589452482888	1589452482888
USER	CsvFeedSimulation	8	START	1589452482888	1589452482888
USER	CsvFeedSimulation	9	START	1589452482889	1589452482889
USER	CsvFeedSimulation	10	START	1589452482890	1589452482890
REQUEST	CsvFeedSimulation	3		Home	1589452482885	1589452483577	OK	 
REQUEST	CsvFeedSimulation	1		Home	1589452482880	1589452483577	OK	 
REQUEST	CsvFeedSimulation	4		Home	1589452482886	1589452483577	OK	 
REQUEST	CsvFeedSimulation	9		Home	1589452482889	1589452483577	OK	 
REQUEST	CsvFeedSimulation	5		Home	1589452482887	1589452483577	OK	 
REQUEST	CsvFeedSimulation	7		Home	1589452482888	1589452483577	OK	 
REQUEST	CsvFeedSimulation	6		Home	1589452482887	1589452483577	OK	 
REQUEST	CsvFeedSimulation	10		Home	1589452482890	1589452483577	OK	 
REQUEST	CsvFeedSimulation	8		Home	1589452482889	1589452483577	OK	 
REQUEST	CsvFeedSimulation	2		Home	1589452482885	1589452483577	OK	 
REQUEST	CsvFeedSimulation	6		Home Redirect 1	1589452483611	1589452484999	OK	 
REQUEST	CsvFeedSimulation	5		Home Redirect 1	1589452483609	1589452485021	OK	 
REQUEST	CsvFeedSimulation	1		Home Redirect 1	1589452483610	1589452485095	OK	 
REQUEST	CsvFeedSimulation	7		Home Redirect 1	1589452483610	1589452485095	OK	 
REQUEST	CsvFeedSimulation	8		Home Redirect 1	1589452483611	1589452485103	OK	 
REQUEST	CsvFeedSimulation	2		Home Redirect 1	1589452483611	1589452485113	OK	 
REQUEST	CsvFeedSimulation	3		Home Redirect 1	1589452483610	1589452485132	OK	 
REQUEST	CsvFeedSimulation	9		Home Redirect 1	1589452483610	1589452485146	OK	 
REQUEST	CsvFeedSimulation	10		Home Redirect 1	1589452483609	1589452485148	OK	 
REQUEST	CsvFeedSimulation	4		Home Redirect 1	1589452483609	1589452485165	OK	 
REQUEST	CsvFeedSimulation	6		Home Redirect 2	1589452485000	1589452485344	OK	 
REQUEST	CsvFeedSimulation	5		Home Redirect 2	1589452485022	1589452485364	OK	 
REQUEST	CsvFeedSimulation	1		Home Redirect 2	1589452485096	1589452485447	OK	 
REQUEST	CsvFeedSimulation	7		Home Redirect 2	1589452485096	1589452485458	OK	 
REQUEST	CsvFeedSimulation	8		Home Redirect 2	1589452485104	1589452485458	OK	 
REQUEST	CsvFeedSimulation	2		Home Redirect 2	1589452485114	1589452485461	OK	 
REQUEST	CsvFeedSimulation	3		Home Redirect 2	1589452485132	1589452485475	OK	 
REQUEST	CsvFeedSimulation	10		Home Redirect 2	1589452485149	1589452485500	OK	 
REQUEST	CsvFeedSimulation	9		Home Redirect 2	1589452485147	1589452485503	OK	 
REQUEST	CsvFeedSimulation	4		Home Redirect 2	1589452485166	1589452485533	OK	 
REQUEST	CsvFeedSimulation	5		Search	1589452486376	1589452486711	OK	 
REQUEST	CsvFeedSimulation	6		Search	1589452486371	1589452486712	OK	 
REQUEST	CsvFeedSimulation	1		Search	1589452486465	1589452486805	OK	 
REQUEST	CsvFeedSimulation	8		Search	1589452486477	1589452486816	OK	 
REQUEST	CsvFeedSimulation	7		Search	1589452486478	1589452486817	OK	 
REQUEST	CsvFeedSimulation	2		Search	1589452486477	1589452486820	OK	 
REQUEST	CsvFeedSimulation	3		Search	1589452486495	1589452486836	OK	 
REQUEST	CsvFeedSimulation	9		Search	1589452486517	1589452486857	OK	 
REQUEST	CsvFeedSimulation	10		Search	1589452486517	1589452486858	OK	 
REQUEST	CsvFeedSimulation	4		Search	1589452486556	1589452486906	OK	 
REQUEST	CsvFeedSimulation	5		Search Redirect 1	1589452486718	1589452487059	OK	 
REQUEST	CsvFeedSimulation	6		Search Redirect 1	1589452486718	1589452487060	OK	 
REQUEST	CsvFeedSimulation	1		Search Redirect 1	1589452486806	1589452487149	OK	 
REQUEST	CsvFeedSimulation	8		Search Redirect 1	1589452486818	1589452487165	OK	 
REQUEST	CsvFeedSimulation	2		Search Redirect 1	1589452486821	1589452487166	OK	 
REQUEST	CsvFeedSimulation	7		Search Redirect 1	1589452486818	1589452487171	OK	 
REQUEST	CsvFeedSimulation	3		Search Redirect 1	1589452486837	1589452487185	OK	 
REQUEST	CsvFeedSimulation	10		Search Redirect 1	1589452486859	1589452487207	OK	 
REQUEST	CsvFeedSimulation	9		Search Redirect 1	1589452486858	1589452487207	OK	 
REQUEST	CsvFeedSimulation	4		Search Redirect 1	1589452486907	1589452487257	OK	 
REQUEST	CsvFeedSimulation	6		Select	1589452488068	1589452488409	OK	 
REQUEST	CsvFeedSimulation	5		Select	1589452488076	1589452488424	OK	 
REQUEST	CsvFeedSimulation	1		Select	1589452488144	1589452488483	OK	 
REQUEST	CsvFeedSimulation	8		Select	1589452488167	1589452488507	OK	 
REQUEST	CsvFeedSimulation	7		Select	1589452488175	1589452488515	OK	 
REQUEST	CsvFeedSimulation	2		Select	1589452488175	1589452488518	OK	 
REQUEST	CsvFeedSimulation	3		Select	1589452488184	1589452488523	OK	 
REQUEST	CsvFeedSimulation	9		Select	1589452488215	1589452488553	OK	 
REQUEST	CsvFeedSimulation	10		Select	1589452488215	1589452488554	OK	 
REQUEST	CsvFeedSimulation	4		Select	1589452488256	1589452488597	OK	 
REQUEST	CsvFeedSimulation	6		Select Redirect 1	1589452488410	1589452488750	OK	 
REQUEST	CsvFeedSimulation	5		Select Redirect 1	1589452488425	1589452488765	OK	 
REQUEST	CsvFeedSimulation	1		Select Redirect 1	1589452488484	1589452488826	OK	 
REQUEST	CsvFeedSimulation	8		Select Redirect 1	1589452488508	1589452488859	OK	 
REQUEST	CsvFeedSimulation	2		Select Redirect 1	1589452488519	1589452488862	OK	 
REQUEST	CsvFeedSimulation	7		Select Redirect 1	1589452488515	1589452488863	OK	 
REQUEST	CsvFeedSimulation	3		Select Redirect 1	1589452488524	1589452488865	OK	 
REQUEST	CsvFeedSimulation	10		Select Redirect 1	1589452488555	1589452488900	OK	 
REQUEST	CsvFeedSimulation	9		Select Redirect 1	1589452488554	1589452488902	OK	 
REQUEST	CsvFeedSimulation	4		Select Redirect 1	1589452488598	1589452488949	OK	 
REQUEST	CsvFeedSimulation	6		Home Redirect 1	1589452489740	1589452490076	OK	 
REQUEST	CsvFeedSimulation	5		Home Redirect 1	1589452489766	1589452490101	OK	 
REQUEST	CsvFeedSimulation	1		Home Redirect 1	1589452489837	1589452490174	OK	 
REQUEST	CsvFeedSimulation	2		Home Redirect 1	1589452489854	1589452490192	OK	 
REQUEST	CsvFeedSimulation	8		Home Redirect 1	1589452489854	1589452490193	OK	 
REQUEST	CsvFeedSimulation	7		Home Redirect 1	1589452489854	1589452490196	OK	 
REQUEST	CsvFeedSimulation	3		Home Redirect 1	1589452489875	1589452490216	OK	 
REQUEST	CsvFeedSimulation	10		Home Redirect 1	1589452489895	1589452490235	OK	 
REQUEST	CsvFeedSimulation	9		Home Redirect 1	1589452489895	1589452490236	OK	 
REQUEST	CsvFeedSimulation	4		Home Redirect 1	1589452489947	1589452490291	OK	 
REQUEST	CsvFeedSimulation	6		Home Redirect 2	1589452490077	1589452490418	OK	 
REQUEST	CsvFeedSimulation	5		Home Redirect 2	1589452490104	1589452490448	OK	 
REQUEST	CsvFeedSimulation	1		Home Redirect 2	1589452490174	1589452490522	OK	 
REQUEST	CsvFeedSimulation	8		Home Redirect 2	1589452490194	1589452490556	OK	 
REQUEST	CsvFeedSimulation	2		Home Redirect 2	1589452490194	1589452490556	OK	 
REQUEST	CsvFeedSimulation	7		Home Redirect 2	1589452490197	1589452490556	OK	 
REQUEST	CsvFeedSimulation	3		Home Redirect 2	1589452490217	1589452490618	OK	 
REQUEST	CsvFeedSimulation	9		Home Redirect 2	1589452490237	1589452490619	OK	 
REQUEST	CsvFeedSimulation	10		Home Redirect 2	1589452490236	1589452490619	OK	 
REQUEST	CsvFeedSimulation	4		Home Redirect 2	1589452490292	1589452490643	OK	 
REQUEST	CsvFeedSimulation	6		Search Redirect 1	1589452491426	1589452491779	OK	 
REQUEST	CsvFeedSimulation	5		Search Redirect 1	1589452491446	1589452491786	OK	 
REQUEST	CsvFeedSimulation	1		Search Redirect 1	1589452491514	1589452491866	OK	 
REQUEST	CsvFeedSimulation	8		Search Redirect 1	1589452491568	1589452491933	OK	 
REQUEST	CsvFeedSimulation	2		Search Redirect 1	1589452491566	1589452491933	OK	 
REQUEST	CsvFeedSimulation	7		Search Redirect 1	1589452491567	1589452491943	OK	 
REQUEST	CsvFeedSimulation	3		Search Redirect 1	1589452491614	1589452491958	OK	 
REQUEST	CsvFeedSimulation	10		Search Redirect 1	1589452491627	1589452491983	OK	 
REQUEST	CsvFeedSimulation	9		Search Redirect 1	1589452491626	1589452491986	OK	 
REQUEST	CsvFeedSimulation	4		Search Redirect 1	1589452491645	1589452492006	OK	 
USER	CsvFeedSimulation	1	END	1589452482858	1589452492879
USER	CsvFeedSimulation	8	END	1589452482888	1589452492935
USER	CsvFeedSimulation	2	END	1589452482884	1589452492936
USER	CsvFeedSimulation	7	END	1589452482888	1589452492946
USER	CsvFeedSimulation	3	END	1589452482885	1589452492955
USER	CsvFeedSimulation	10	END	1589452482890	1589452492987
USER	CsvFeedSimulation	9	END	1589452482889	1589452492994
USER	CsvFeedSimulation	4	END	1589452482886	1589452493007
REQUEST	CsvFeedSimulation	6		Select Redirect 1	1589452492775	1589452493115	OK	 
USER	CsvFeedSimulation	6	END	1589452482887	1589452493117
REQUEST	CsvFeedSimulation	5		Select Redirect 1	1589452492787	1589452493136	OK	 
USER	CsvFeedSimulation	5	END	1589452482887	1589452493137
