RUN	simulations.FormPostSimulation		formpostsimulation	1589508023145	 	2.0
USER	GetHomeSimulation	1	START	1589508024641	1589508024641
USER	FormPostSimulation	4	START	1589508025978	1589508025978
REQUEST	GetHomeSimulation	1		GetHome	1589508024662	1589508026740	OK	 
REQUEST	FormPostSimulation	4		FormPost	1589508025979	1589508026740	OK	 
USER	GetHomeSimulation	2	START	1589508026993	1589508026993
USER	GetHomeSimulation	5	START	1589508027652	1589508027652
REQUEST	GetHomeSimulation	2		GetHome	1589508026994	1589508027703	OK	 
USER	GetHomeSimulation	3	START	1589508027994	1589508027994
REQUEST	GetHomeSimulation	1		GetHome Redirect 1	1589508026757	1589508028156	OK	 
REQUEST	FormPostSimulation	4		FormPost Redirect 1	1589508026757	1589508028164	OK	 
REQUEST	GetHomeSimulation	5		GetHome	1589508027652	1589508028341	OK	 
REQUEST	GetHomeSimulation	1		GetHome Redirect 2	1589508028157	1589508028517	OK	 
USER	GetHomeSimulation	1	END	1589508024641	1589508028521
USER	GetHomeSimulation	6	START	1589508028651	1589508028651
REQUEST	GetHomeSimulation	3		GetHome	1589508027994	1589508028668	OK	 
REQUEST	GetHomeSimulation	2		GetHome Redirect 1	1589508027704	1589508029085	OK	 
REQUEST	GetHomeSimulation	6		GetHome	1589508028652	1589508029330	OK	 
REQUEST	GetHomeSimulation	2		GetHome Redirect 2	1589508029086	1589508029435	OK	 
USER	GetHomeSimulation	2	END	1589508026993	1589508029437
REQUEST	FormPostSimulation	4		Post	1589508029190	1589508029532	OK	 
USER	GetHomeSimulation	7	START	1589508029652	1589508029652
USER	FormPostSimulation	8	START	1589508029652	1589508029652
REQUEST	GetHomeSimulation	5		GetHome Redirect 1	1589508028342	1589508029746	OK	 
REQUEST	FormPostSimulation	4		Post Redirect 1	1589508029532	1589508029873	KO	status.find.in(200,304,201,202,203,204,205,206,207,208,209), but actually found 400
USER	FormPostSimulation	4	END	1589508025978	1589508029881
REQUEST	GetHomeSimulation	3		GetHome Redirect 1	1589508028669	1589508030084	OK	 
REQUEST	GetHomeSimulation	5		GetHome Redirect 2	1589508029747	1589508030102	OK	 
USER	GetHomeSimulation	5	END	1589508027652	1589508030105
REQUEST	GetHomeSimulation	7		GetHome	1589508029652	1589508030326	OK	 
REQUEST	FormPostSimulation	8		FormPost	1589508029652	1589508030327	OK	 
REQUEST	GetHomeSimulation	3		GetHome Redirect 2	1589508030085	1589508030439	OK	 
USER	GetHomeSimulation	3	END	1589508027994	1589508030441
USER	GetHomeSimulation	9	START	1589508030653	1589508030653
REQUEST	GetHomeSimulation	6		GetHome Redirect 1	1589508029331	1589508030732	OK	 
REQUEST	GetHomeSimulation	6		GetHome Redirect 2	1589508030733	1589508031079	OK	 
USER	GetHomeSimulation	6	END	1589508028651	1589508031081
REQUEST	GetHomeSimulation	9		GetHome	1589508030653	1589508031330	OK	 
USER	GetHomeSimulation	10	START	1589508031651	1589508031651
REQUEST	GetHomeSimulation	7		GetHome Redirect 1	1589508030327	1589508031739	OK	 
REQUEST	FormPostSimulation	8		FormPost Redirect 1	1589508030328	1589508031752	OK	 
REQUEST	GetHomeSimulation	7		GetHome Redirect 2	1589508031740	1589508032086	OK	 
USER	GetHomeSimulation	7	END	1589508029652	1589508032088
REQUEST	GetHomeSimulation	10		GetHome	1589508031652	1589508032443	OK	 
USER	GetHomeSimulation	11	START	1589508032652	1589508032652
REQUEST	GetHomeSimulation	9		GetHome Redirect 1	1589508031331	1589508032785	OK	 
REQUEST	FormPostSimulation	8		Post	1589508032774	1589508033114	OK	 
REQUEST	GetHomeSimulation	9		GetHome Redirect 2	1589508032786	1589508033138	OK	 
USER	GetHomeSimulation	9	END	1589508030653	1589508033140
REQUEST	GetHomeSimulation	11		GetHome	1589508032653	1589508033327	OK	 
REQUEST	FormPostSimulation	8		Post Redirect 1	1589508033115	1589508033458	KO	status.find.in(200,304,201,202,203,204,205,206,207,208,209), but actually found 400
USER	FormPostSimulation	8	END	1589508029652	1589508033461
USER	GetHomeSimulation	12	START	1589508033654	1589508033654
REQUEST	GetHomeSimulation	10		GetHome Redirect 1	1589508032444	1589508033837	OK	 
REQUEST	GetHomeSimulation	10		GetHome Redirect 2	1589508033838	1589508034187	OK	 
USER	GetHomeSimulation	10	END	1589508031651	1589508034189
REQUEST	GetHomeSimulation	12		GetHome	1589508033654	1589508034329	OK	 
REQUEST	GetHomeSimulation	11		GetHome Redirect 1	1589508033327	1589508034718	OK	 
REQUEST	GetHomeSimulation	11		GetHome Redirect 2	1589508034718	1589508037595	OK	 
USER	GetHomeSimulation	11	END	1589508032652	1589508037598
REQUEST	GetHomeSimulation	12		GetHome Redirect 1	1589508034329	1589508037936	OK	 
REQUEST	GetHomeSimulation	12		GetHome Redirect 2	1589508037937	1589508038306	OK	 
USER	GetHomeSimulation	12	END	1589508033654	1589508038308
