RUN	simulations.FormPostSimulation		formpostsimulation	1589464592542	 	2.0
USER	GetHomeSimulation	1	START	1589464594176	1589464594176
USER	FormPostSimulation	4	START	1589464594965	1589464594965
REQUEST	FormPostSimulation	4		FormPost	1589464594965	1589464595684	OK	 
REQUEST	GetHomeSimulation	1		GetHome	1589464594196	1589464595684	OK	 
USER	GetHomeSimulation	2	START	1589464595982	1589464595982
REQUEST	GetHomeSimulation	2		GetHome	1589464595982	1589464596674	OK	 
USER	GetHomeSimulation	3	START	1589464596982	1589464596982
REQUEST	GetHomeSimulation	1		GetHome Redirect 1	1589464595700	1589464597155	OK	 
REQUEST	FormPostSimulation	4		FormPost Redirect 1	1589464595700	1589464597158	OK	 
USER	GetHomeSimulation	5	START	1589464597190	1589464597190
REQUEST	GetHomeSimulation	1		GetHome Redirect 2	1589464597157	1589464597515	OK	 
USER	GetHomeSimulation	1	END	1589464594176	1589464597521
REQUEST	GetHomeSimulation	3		GetHome	1589464596982	1589464597673	OK	 
REQUEST	GetHomeSimulation	5		GetHome	1589464597190	1589464597873	OK	 
REQUEST	GetHomeSimulation	2		GetHome Redirect 1	1589464596675	1589464598070	OK	 
USER	GetHomeSimulation	6	START	1589464598191	1589464598191
REQUEST	GetHomeSimulation	2		GetHome Redirect 2	1589464598072	1589464598422	OK	 
USER	GetHomeSimulation	2	END	1589464595982	1589464598424
REQUEST	FormPostSimulation	4		Post	1589464598188	1589464598531	OK	 
REQUEST	GetHomeSimulation	6		GetHome	1589464598191	1589464598875	OK	 
REQUEST	FormPostSimulation	4		Post Redirect 1	1589464598532	1589464598885	KO	status.find.in(200,304,201,202,203,204,205,206,207,208,209), but actually found 400
USER	FormPostSimulation	4	END	1589464594965	1589464598895
REQUEST	GetHomeSimulation	3		GetHome Redirect 1	1589464597674	1589464599094	OK	 
USER	FormPostSimulation	8	START	1589464599192	1589464599192
USER	GetHomeSimulation	7	START	1589464599192	1589464599192
REQUEST	GetHomeSimulation	5		GetHome Redirect 1	1589464597874	1589464599288	OK	 
REQUEST	GetHomeSimulation	3		GetHome Redirect 2	1589464599095	1589464599447	OK	 
USER	GetHomeSimulation	3	END	1589464596982	1589464599450
REQUEST	GetHomeSimulation	5		GetHome Redirect 2	1589464599289	1589464599640	OK	 
USER	GetHomeSimulation	5	END	1589464597190	1589464599642
REQUEST	GetHomeSimulation	7		GetHome	1589464599192	1589464599868	OK	 
REQUEST	FormPostSimulation	8		FormPost	1589464599192	1589464599894	OK	 
USER	GetHomeSimulation	9	START	1589464600193	1589464600193
REQUEST	GetHomeSimulation	6		GetHome Redirect 1	1589464598876	1589464600278	OK	 
REQUEST	GetHomeSimulation	6		GetHome Redirect 2	1589464600279	1589464600625	OK	 
USER	GetHomeSimulation	6	END	1589464598191	1589464600627
REQUEST	GetHomeSimulation	9		GetHome	1589464600193	1589464600938	OK	 
USER	GetHomeSimulation	10	START	1589464601192	1589464601192
REQUEST	GetHomeSimulation	7		GetHome Redirect 1	1589464599869	1589464601282	OK	 
REQUEST	FormPostSimulation	8		FormPost Redirect 1	1589464599895	1589464601304	OK	 
REQUEST	GetHomeSimulation	7		GetHome Redirect 2	1589464601283	1589464601637	OK	 
USER	GetHomeSimulation	7	END	1589464599192	1589464601639
REQUEST	GetHomeSimulation	10		GetHome	1589464601192	1589464601886	OK	 
USER	GetHomeSimulation	11	START	1589464602191	1589464602191
REQUEST	GetHomeSimulation	9		GetHome Redirect 1	1589464600939	1589464602350	OK	 
REQUEST	FormPostSimulation	8		Post	1589464602323	1589464602668	OK	 
REQUEST	GetHomeSimulation	9		GetHome Redirect 2	1589464602351	1589464602699	OK	 
USER	GetHomeSimulation	9	END	1589464600193	1589464602701
REQUEST	GetHomeSimulation	11		GetHome	1589464602191	1589464602873	OK	 
REQUEST	FormPostSimulation	8		Post Redirect 1	1589464602669	1589464603050	KO	status.find.in(200,304,201,202,203,204,205,206,207,208,209), but actually found 400
USER	FormPostSimulation	8	END	1589464599192	1589464603053
USER	GetHomeSimulation	12	START	1589464603192	1589464603192
REQUEST	GetHomeSimulation	10		GetHome Redirect 1	1589464601887	1589464603278	OK	 
REQUEST	GetHomeSimulation	10		GetHome Redirect 2	1589464603279	1589464603628	OK	 
USER	GetHomeSimulation	10	END	1589464601192	1589464603630
REQUEST	GetHomeSimulation	12		GetHome	1589464603193	1589464603891	OK	 
REQUEST	GetHomeSimulation	11		GetHome Redirect 1	1589464602874	1589464604293	OK	 
REQUEST	GetHomeSimulation	11		GetHome Redirect 2	1589464604293	1589464604646	OK	 
USER	GetHomeSimulation	11	END	1589464602191	1589464604648
REQUEST	GetHomeSimulation	12		GetHome Redirect 1	1589464603892	1589464605290	OK	 
REQUEST	GetHomeSimulation	12		GetHome Redirect 2	1589464605290	1589464605660	OK	 
USER	GetHomeSimulation	12	END	1589464603192	1589464605662
