RUN	simulations.GetSimulation		getsimulation	1589464743310	 	2.0
USER	GetSimulation	1	START	1589464744594	1589464744594
USER	GetSimulation	2	START	1589464744622	1589464744622
USER	GetSimulation	3	START	1589464744626	1589464744626
USER	GetSimulation	4	START	1589464744627	1589464744627
USER	GetSimulation	5	START	1589464744628	1589464744628
USER	GetSimulation	6	START	1589464744629	1589464744629
USER	GetSimulation	7	START	1589464744629	1589464744629
USER	GetSimulation	8	START	1589464744630	1589464744630
USER	GetSimulation	9	START	1589464744631	1589464744631
USER	GetSimulation	10	START	1589464744631	1589464744631
REQUEST	GetSimulation	8		computer-database	1589464744630	1589464745314	OK	 
REQUEST	GetSimulation	6		computer-database	1589464744629	1589464745309	OK	 
REQUEST	GetSimulation	5		computer-database	1589464744628	1589464745309	OK	 
REQUEST	GetSimulation	9		computer-database	1589464744631	1589464745309	OK	 
REQUEST	GetSimulation	1		computer-database	1589464744618	1589464745304	OK	 
REQUEST	GetSimulation	10		computer-database	1589464744632	1589464745310	OK	 
REQUEST	GetSimulation	3		computer-database	1589464744626	1589464745305	OK	 
REQUEST	GetSimulation	7		computer-database	1589464744630	1589464745314	OK	 
REQUEST	GetSimulation	4		computer-database	1589464744627	1589464745317	OK	 
REQUEST	GetSimulation	2		computer-database	1589464744623	1589464745304	OK	 
REQUEST	GetSimulation	7		computer-database Redirect 1	1589464745332	1589464747536	OK	 
REQUEST	GetSimulation	10		computer-database Redirect 1	1589464745332	1589464747838	OK	 
REQUEST	GetSimulation	9		computer-database Redirect 1	1589464745331	1589464747840	OK	 
REQUEST	GetSimulation	1		computer-database Redirect 1	1589464745331	1589464747864	OK	 
REQUEST	GetSimulation	5		computer-database Redirect 1	1589464745331	1589464747867	OK	 
REQUEST	GetSimulation	2		computer-database Redirect 1	1589464745334	1589464747867	OK	 
REQUEST	GetSimulation	3		computer-database Redirect 1	1589464745332	1589464747867	OK	 
REQUEST	GetSimulation	4		computer-database Redirect 1	1589464745332	1589464747875	OK	 
REQUEST	GetSimulation	8		computer-database Redirect 1	1589464745331	1589464747882	OK	 
REQUEST	GetSimulation	6		computer-database Redirect 1	1589464745331	1589464747888	OK	 
REQUEST	GetSimulation	7		computer-database Redirect 2	1589464747537	1589464747904	OK	 
REQUEST	GetSimulation	10		computer-database Redirect 2	1589464747839	1589464748196	OK	 
REQUEST	GetSimulation	9		computer-database Redirect 2	1589464747841	1589464748196	OK	 
REQUEST	GetSimulation	1		computer-database Redirect 2	1589464747865	1589464748218	OK	 
REQUEST	GetSimulation	5		computer-database Redirect 2	1589464747868	1589464748233	OK	 
REQUEST	GetSimulation	3		computer-database Redirect 2	1589464747868	1589464748233	OK	 
REQUEST	GetSimulation	2		computer-database Redirect 2	1589464747868	1589464748239	OK	 
REQUEST	GetSimulation	4		computer-database Redirect 2	1589464747876	1589464748244	OK	 
REQUEST	GetSimulation	8		computer-database Redirect 2	1589464747883	1589464748244	OK	 
REQUEST	GetSimulation	6		computer-database Redirect 2	1589464747889	1589464748250	OK	 
REQUEST	GetSimulation	7		computer-database Redirect 1	1589464747920	1589464748258	OK	 
REQUEST	GetSimulation	10		computer-database Redirect 1	1589464748197	1589464748536	OK	 
REQUEST	GetSimulation	9		computer-database Redirect 1	1589464748197	1589464748538	OK	 
REQUEST	GetSimulation	1		computer-database Redirect 1	1589464748219	1589464748588	OK	 
REQUEST	GetSimulation	5		computer-database Redirect 1	1589464748235	1589464748588	OK	 
REQUEST	GetSimulation	2		computer-database Redirect 1	1589464748240	1589464748589	OK	 
REQUEST	GetSimulation	4		computer-database Redirect 1	1589464748245	1589464748590	OK	 
REQUEST	GetSimulation	3		computer-database Redirect 1	1589464748235	1589464748591	OK	 
REQUEST	GetSimulation	8		computer-database Redirect 1	1589464748245	1589464748594	OK	 
REQUEST	GetSimulation	6		computer-database Redirect 1	1589464748251	1589464748595	OK	 
REQUEST	GetSimulation	7		computer-database Redirect 2	1589464748259	1589464748604	OK	 
REQUEST	GetSimulation	10		computer-database Redirect 2	1589464748536	1589464748882	OK	 
REQUEST	GetSimulation	9		computer-database Redirect 2	1589464748539	1589464748882	OK	 
REQUEST	GetSimulation	1		computer-database Redirect 2	1589464748589	1589464748944	OK	 
REQUEST	GetSimulation	5		computer-database Redirect 2	1589464748589	1589464748945	OK	 
REQUEST	GetSimulation	8		computer-database Redirect 2	1589464748594	1589464748950	OK	 
REQUEST	GetSimulation	4		computer-database Redirect 2	1589464748590	1589464748955	OK	 
REQUEST	GetSimulation	2		computer-database Redirect 2	1589464748590	1589464748962	OK	 
REQUEST	GetSimulation	7		computer-database Redirect 1	1589464748607	1589464748964	OK	 
REQUEST	GetSimulation	3		computer-database Redirect 2	1589464748592	1589464748964	OK	 
REQUEST	GetSimulation	6		computer-database Redirect 2	1589464748596	1589464748965	OK	 
REQUEST	GetSimulation	10		computer-database Redirect 1	1589464748884	1589464749289	OK	 
REQUEST	GetSimulation	5		computer-database Redirect 1	1589464748946	1589464749292	OK	 
REQUEST	GetSimulation	9		computer-database Redirect 1	1589464748884	1589464749292	OK	 
REQUEST	GetSimulation	1		computer-database Redirect 1	1589464748946	1589464749292	OK	 
REQUEST	GetSimulation	8		computer-database Redirect 1	1589464748951	1589464749292	OK	 
REQUEST	GetSimulation	4		computer-database Redirect 1	1589464748956	1589464749319	OK	 
REQUEST	GetSimulation	2		computer-database Redirect 1	1589464748963	1589464749321	OK	 
REQUEST	GetSimulation	3		computer-database Redirect 1	1589464748966	1589464749323	OK	 
REQUEST	GetSimulation	6		computer-database Redirect 1	1589464748967	1589464749334	OK	 
REQUEST	GetSimulation	7		computer-database Redirect 2	1589464748965	1589464749334	OK	 
REQUEST	GetSimulation	5		computer-database Redirect 2	1589464749293	1589464749646	OK	 
REQUEST	GetSimulation	1		computer-database Redirect 2	1589464749293	1589464749652	OK	 
REQUEST	GetSimulation	9		computer-database Redirect 2	1589464749293	1589464749652	OK	 
REQUEST	GetSimulation	10		computer-database Redirect 2	1589464749290	1589464749652	OK	 
REQUEST	GetSimulation	8		computer-database Redirect 2	1589464749293	1589464749659	OK	 
REQUEST	GetSimulation	4		computer-database Redirect 2	1589464749320	1589464749669	OK	 
REQUEST	GetSimulation	7		computer-database Redirect 1	1589464749335	1589464749677	OK	 
REQUEST	GetSimulation	2		computer-database Redirect 2	1589464749322	1589464749684	OK	 
REQUEST	GetSimulation	6		computer-database Redirect 2	1589464749335	1589464749686	OK	 
REQUEST	GetSimulation	3		computer-database Redirect 2	1589464749324	1589464749686	OK	 
REQUEST	GetSimulation	5		computer-database Redirect 1	1589464749647	1589464750005	OK	 
REQUEST	GetSimulation	10		computer-database Redirect 1	1589464749654	1589464750007	OK	 
REQUEST	GetSimulation	9		computer-database Redirect 1	1589464749654	1589464750008	OK	 
REQUEST	GetSimulation	1		computer-database Redirect 1	1589464749654	1589464750008	OK	 
REQUEST	GetSimulation	8		computer-database Redirect 1	1589464749661	1589464750009	OK	 
REQUEST	GetSimulation	4		computer-database Redirect 1	1589464749670	1589464750012	OK	 
REQUEST	GetSimulation	7		computer-database Redirect 2	1589464749677	1589464750025	OK	 
REQUEST	GetSimulation	2		computer-database Redirect 1	1589464749685	1589464750026	OK	 
REQUEST	GetSimulation	3		computer-database Redirect 1	1589464749687	1589464750029	OK	 
REQUEST	GetSimulation	6		computer-database Redirect 1	1589464749687	1589464750037	OK	 
REQUEST	GetSimulation	5		computer-database Redirect 2	1589464750006	1589464750355	OK	 
REQUEST	GetSimulation	9		computer-database Redirect 2	1589464750008	1589464750365	OK	 
REQUEST	GetSimulation	10		computer-database Redirect 2	1589464750008	1589464750368	OK	 
REQUEST	GetSimulation	8		computer-database Redirect 2	1589464750009	1589464750368	OK	 
REQUEST	GetSimulation	4		computer-database Redirect 2	1589464750013	1589464750368	OK	 
REQUEST	GetSimulation	1		computer-database Redirect 2	1589464750008	1589464750368	OK	 
REQUEST	GetSimulation	7		computer-database Redirect 1	1589464750027	1589464750370	OK	 
REQUEST	GetSimulation	2		computer-database Redirect 2	1589464750027	1589464750382	OK	 
REQUEST	GetSimulation	3		computer-database Redirect 2	1589464750030	1589464750384	OK	 
REQUEST	GetSimulation	6		computer-database Redirect 2	1589464750038	1589464750397	OK	 
REQUEST	GetSimulation	5		computer-database Redirect 1	1589464750357	1589464750695	OK	 
REQUEST	GetSimulation	9		computer-database Redirect 1	1589464750366	1589464750705	OK	 
REQUEST	GetSimulation	10		computer-database Redirect 1	1589464750370	1589464750711	OK	 
REQUEST	GetSimulation	4		computer-database Redirect 1	1589464750369	1589464750713	OK	 
REQUEST	GetSimulation	1		computer-database Redirect 1	1589464750369	1589464750714	OK	 
REQUEST	GetSimulation	8		computer-database Redirect 1	1589464750369	1589464750716	OK	 
REQUEST	GetSimulation	7		computer-database Redirect 2	1589464750371	1589464750721	OK	 
REQUEST	GetSimulation	2		computer-database Redirect 1	1589464750383	1589464750723	OK	 
REQUEST	GetSimulation	3		computer-database Redirect 1	1589464750385	1589464750732	OK	 
REQUEST	GetSimulation	6		computer-database Redirect 1	1589464750398	1589464750748	OK	 
REQUEST	GetSimulation	5		computer-database Redirect 2	1589464750696	1589464751044	OK	 
REQUEST	GetSimulation	9		computer-database Redirect 2	1589464750707	1589464751057	OK	 
REQUEST	GetSimulation	7		computer-database Redirect 1	1589464750723	1589464751070	OK	 
REQUEST	GetSimulation	1		computer-database Redirect 2	1589464750715	1589464751070	OK	 
REQUEST	GetSimulation	8		computer-database Redirect 2	1589464750717	1589464751076	OK	 
REQUEST	GetSimulation	4		computer-database Redirect 2	1589464750713	1589464751076	OK	 
REQUEST	GetSimulation	10		computer-database Redirect 2	1589464750713	1589464751076	OK	 
REQUEST	GetSimulation	2		computer-database Redirect 2	1589464750725	1589464751089	OK	 
REQUEST	GetSimulation	3		computer-database Redirect 2	1589464750732	1589464751089	OK	 
REQUEST	GetSimulation	6		computer-database Redirect 2	1589464750749	1589464751103	OK	 
REQUEST	GetSimulation	5		computer-database Redirect 1	1589464751045	1589464751385	OK	 
REQUEST	GetSimulation	9		computer-database Redirect 1	1589464751060	1589464751397	OK	 
REQUEST	GetSimulation	1		computer-database Redirect 1	1589464751072	1589464751416	OK	 
REQUEST	GetSimulation	10		computer-database Redirect 1	1589464751077	1589464751422	OK	 
REQUEST	GetSimulation	7		computer-database Redirect 2	1589464751071	1589464751422	OK	 
REQUEST	GetSimulation	4		computer-database Redirect 1	1589464751077	1589464751428	OK	 
REQUEST	GetSimulation	2		computer-database Redirect 1	1589464751091	1589464751428	OK	 
REQUEST	GetSimulation	8		computer-database Redirect 1	1589464751077	1589464751431	OK	 
REQUEST	GetSimulation	3		computer-database Redirect 1	1589464751091	1589464751433	OK	 
REQUEST	GetSimulation	6		computer-database Redirect 1	1589464751105	1589464751452	OK	 
REQUEST	GetSimulation	5		computer-database Redirect 2	1589464751386	1589464751740	OK	 
REQUEST	GetSimulation	9		computer-database Redirect 2	1589464751398	1589464751744	OK	 
REQUEST	GetSimulation	10		computer-database Redirect 2	1589464751423	1589464751771	OK	 
REQUEST	GetSimulation	1		computer-database Redirect 2	1589464751417	1589464751771	OK	 
REQUEST	GetSimulation	7		computer-database Redirect 1	1589464751423	1589464751776	OK	 
REQUEST	GetSimulation	2		computer-database Redirect 2	1589464751429	1589464751779	OK	 
REQUEST	GetSimulation	4		computer-database Redirect 2	1589464751428	1589464751779	OK	 
REQUEST	GetSimulation	3		computer-database Redirect 2	1589464751433	1589464751787	OK	 
REQUEST	GetSimulation	8		computer-database Redirect 2	1589464751432	1589464751790	OK	 
REQUEST	GetSimulation	6		computer-database Redirect 2	1589464751453	1589464751807	OK	 
REQUEST	GetSimulation	9		computer-database Redirect 1	1589464751745	1589464752155	OK	 
REQUEST	GetSimulation	5		computer-database Redirect 1	1589464751741	1589464752156	OK	 
REQUEST	GetSimulation	10		computer-database Redirect 1	1589464751773	1589464752156	OK	 
REQUEST	GetSimulation	1		computer-database Redirect 1	1589464751773	1589464752156	OK	 
REQUEST	GetSimulation	4		computer-database Redirect 1	1589464751780	1589464752156	OK	 
REQUEST	GetSimulation	2		computer-database Redirect 1	1589464751780	1589464752158	OK	 
REQUEST	GetSimulation	7		computer-database Redirect 2	1589464751777	1589464752533	OK	 
REQUEST	GetSimulation	6		computer-database Redirect 1	1589464751809	1589464752537	OK	 
REQUEST	GetSimulation	8		computer-database Redirect 1	1589464751791	1589464752537	OK	 
REQUEST	GetSimulation	3		computer-database Redirect 1	1589464751789	1589464752537	OK	 
REQUEST	GetSimulation	9		computer-database Redirect 2	1589464752156	1589464752538	OK	 
REQUEST	GetSimulation	4		computer-database Redirect 2	1589464752157	1589464752539	OK	 
REQUEST	GetSimulation	5		computer-database Redirect 2	1589464752157	1589464752539	OK	 
REQUEST	GetSimulation	10		computer-database Redirect 2	1589464752157	1589464752539	OK	 
REQUEST	GetSimulation	2		computer-database Redirect 2	1589464752158	1589464752539	OK	 
REQUEST	GetSimulation	1		computer-database Redirect 2	1589464752157	1589464752539	OK	 
REQUEST	GetSimulation	7		computer-database Redirect 1	1589464752534	1589464752873	OK	 
REQUEST	GetSimulation	3		computer-database Redirect 2	1589464752537	1589464752887	OK	 
REQUEST	GetSimulation	9		computer-database Redirect 1	1589464752539	1589464752891	OK	 
REQUEST	GetSimulation	6		computer-database Redirect 2	1589464752537	1589464752901	OK	 
REQUEST	GetSimulation	8		computer-database Redirect 2	1589464752537	1589464752908	OK	 
REQUEST	GetSimulation	10		computer-database Redirect 1	1589464752540	1589464752913	OK	 
REQUEST	GetSimulation	5		computer-database Redirect 1	1589464752540	1589464752914	OK	 
REQUEST	GetSimulation	2		computer-database Redirect 1	1589464752540	1589464752921	OK	 
REQUEST	GetSimulation	4		computer-database Redirect 1	1589464752539	1589464752921	OK	 
REQUEST	GetSimulation	1		computer-database Redirect 1	1589464752540	1589464752922	OK	 
REQUEST	GetSimulation	7		computer-database Redirect 2	1589464752874	1589464753222	OK	 
REQUEST	GetSimulation	3		computer-database Redirect 1	1589464752889	1589464753231	OK	 
REQUEST	GetSimulation	8		computer-database Redirect 1	1589464752909	1589464753262	OK	 
REQUEST	GetSimulation	10		computer-database Redirect 2	1589464752914	1589464753263	OK	 
REQUEST	GetSimulation	6		computer-database Redirect 1	1589464752903	1589464753271	OK	 
REQUEST	GetSimulation	9		computer-database Redirect 2	1589464752892	1589464753274	OK	 
REQUEST	GetSimulation	4		computer-database Redirect 2	1589464752922	1589464753274	OK	 
REQUEST	GetSimulation	1		computer-database Redirect 2	1589464752923	1589464753278	OK	 
REQUEST	GetSimulation	5		computer-database Redirect 2	1589464752914	1589464753280	OK	 
REQUEST	GetSimulation	2		computer-database Redirect 2	1589464752922	1589464753280	OK	 
REQUEST	GetSimulation	7		computer-database Redirect 1	1589464753223	1589464753563	OK	 
REQUEST	GetSimulation	3		computer-database Redirect 2	1589464753232	1589464753580	OK	 
REQUEST	GetSimulation	10		computer-database Redirect 1	1589464753264	1589464753601	OK	 
REQUEST	GetSimulation	8		computer-database Redirect 2	1589464753263	1589464753611	OK	 
REQUEST	GetSimulation	9		computer-database Redirect 1	1589464753275	1589464753613	OK	 
REQUEST	GetSimulation	4		computer-database Redirect 1	1589464753275	1589464753620	OK	 
REQUEST	GetSimulation	1		computer-database Redirect 1	1589464753279	1589464753623	OK	 
REQUEST	GetSimulation	5		computer-database Redirect 1	1589464753281	1589464753623	OK	 
REQUEST	GetSimulation	2		computer-database Redirect 1	1589464753281	1589464753623	OK	 
REQUEST	GetSimulation	6		computer-database Redirect 2	1589464753271	1589464753625	OK	 
REQUEST	GetSimulation	3		computer-database Redirect 1	1589464753581	1589464753998	OK	 
REQUEST	GetSimulation	7		computer-database Redirect 2	1589464753564	1589464753998	OK	 
REQUEST	GetSimulation	8		computer-database Redirect 1	1589464753612	1589464754368	OK	 
REQUEST	GetSimulation	10		computer-database Redirect 2	1589464753601	1589464754368	OK	 
REQUEST	GetSimulation	6		computer-database Redirect 1	1589464753626	1589464755380	OK	 
REQUEST	GetSimulation	4		computer-database Redirect 2	1589464753621	1589464755380	OK	 
REQUEST	GetSimulation	9		computer-database Redirect 2	1589464753613	1589464755380	OK	 
REQUEST	GetSimulation	5		computer-database Redirect 2	1589464753624	1589464755380	OK	 
REQUEST	GetSimulation	1		computer-database Redirect 2	1589464753624	1589464755381	OK	 
USER	GetSimulation	9	END	1589464744631	1589464755389
USER	GetSimulation	5	END	1589464744628	1589464755389
USER	GetSimulation	1	END	1589464744594	1589464755389
USER	GetSimulation	4	END	1589464744627	1589464755389
REQUEST	GetSimulation	7		computer-database Redirect 1	1589464753999	1589464755394	OK	 
REQUEST	GetSimulation	3		computer-database Redirect 2	1589464753999	1589464755394	OK	 
REQUEST	GetSimulation	2		computer-database Redirect 2	1589464753624	1589464755394	OK	 
USER	GetSimulation	3	END	1589464744626	1589464755395
USER	GetSimulation	2	END	1589464744622	1589464755395
REQUEST	GetSimulation	10		computer-database Redirect 1	1589464754369	1589464755399	OK	 
REQUEST	GetSimulation	8		computer-database Redirect 2	1589464754369	1589464755401	OK	 
USER	GetSimulation	8	END	1589464744630	1589464755402
REQUEST	GetSimulation	7		computer-database Redirect 2	1589464755394	1589464755748	OK	 
REQUEST	GetSimulation	6		computer-database Redirect 2	1589464755381	1589464755748	OK	 
REQUEST	GetSimulation	10		computer-database Redirect 2	1589464755399	1589464755748	OK	 
USER	GetSimulation	6	END	1589464744629	1589464755749
USER	GetSimulation	7	END	1589464744629	1589464755750
USER	GetSimulation	10	END	1589464744631	1589464755750
