RUN	simulations.CsvFeedSimulation		csvfeedsimulation	1589464828966	 	2.0
USER	CsvFeedSimulation	1	START	1589464830116	1589464830116
USER	CsvFeedSimulation	2	START	1589464830145	1589464830145
USER	CsvFeedSimulation	3	START	1589464830146	1589464830146
USER	CsvFeedSimulation	4	START	1589464830147	1589464830147
USER	CsvFeedSimulation	5	START	1589464830148	1589464830148
USER	CsvFeedSimulation	6	START	1589464830148	1589464830148
USER	CsvFeedSimulation	7	START	1589464830149	1589464830149
USER	CsvFeedSimulation	8	START	1589464830150	1589464830150
USER	CsvFeedSimulation	9	START	1589464830151	1589464830151
USER	CsvFeedSimulation	10	START	1589464830152	1589464830152
REQUEST	CsvFeedSimulation	5		Home	1589464830148	1589464830854	OK	 
REQUEST	CsvFeedSimulation	2		Home	1589464830145	1589464830854	OK	 
REQUEST	CsvFeedSimulation	4		Home	1589464830147	1589464831566	OK	 
REQUEST	CsvFeedSimulation	6		Home	1589464830149	1589464831566	OK	 
REQUEST	CsvFeedSimulation	3		Home	1589464830146	1589464831566	OK	 
REQUEST	CsvFeedSimulation	1		Home	1589464830141	1589464831566	OK	 
REQUEST	CsvFeedSimulation	7		Home	1589464830150	1589464831729	OK	 
REQUEST	CsvFeedSimulation	9		Home	1589464830151	1589464831731	OK	 
REQUEST	CsvFeedSimulation	10		Home	1589464830152	1589464831908	OK	 
REQUEST	CsvFeedSimulation	8		Home	1589464830150	1589464831908	OK	 
REQUEST	CsvFeedSimulation	5		Home Redirect 1	1589464830871	1589464833010	OK	 
REQUEST	CsvFeedSimulation	1		Home Redirect 1	1589464831567	1589464833012	OK	 
REQUEST	CsvFeedSimulation	2		Home Redirect 1	1589464830871	1589464833013	OK	 
REQUEST	CsvFeedSimulation	4		Home Redirect 1	1589464831567	1589464833032	OK	 
REQUEST	CsvFeedSimulation	6		Home Redirect 1	1589464831567	1589464833034	OK	 
REQUEST	CsvFeedSimulation	3		Home Redirect 1	1589464831567	1589464833044	OK	 
REQUEST	CsvFeedSimulation	7		Home Redirect 1	1589464831730	1589464833114	OK	 
REQUEST	CsvFeedSimulation	9		Home Redirect 1	1589464831733	1589464833120	OK	 
REQUEST	CsvFeedSimulation	10		Home Redirect 1	1589464831909	1589464833314	OK	 
REQUEST	CsvFeedSimulation	8		Home Redirect 1	1589464831909	1589464833317	OK	 
REQUEST	CsvFeedSimulation	5		Home Redirect 2	1589464833010	1589464833361	OK	 
REQUEST	CsvFeedSimulation	2		Home Redirect 2	1589464833014	1589464833368	OK	 
REQUEST	CsvFeedSimulation	1		Home Redirect 2	1589464833013	1589464833364	OK	 
REQUEST	CsvFeedSimulation	6		Home Redirect 2	1589464833035	1589464833379	OK	 
REQUEST	CsvFeedSimulation	4		Home Redirect 2	1589464833033	1589464833382	OK	 
REQUEST	CsvFeedSimulation	3		Home Redirect 2	1589464833045	1589464833399	OK	 
REQUEST	CsvFeedSimulation	7		Home Redirect 2	1589464833115	1589464833460	OK	 
REQUEST	CsvFeedSimulation	9		Home Redirect 2	1589464833121	1589464833464	OK	 
REQUEST	CsvFeedSimulation	10		Home Redirect 2	1589464833314	1589464833660	OK	 
REQUEST	CsvFeedSimulation	8		Home Redirect 2	1589464833318	1589464833660	OK	 
REQUEST	CsvFeedSimulation	5		Search	1589464834397	1589464834732	OK	 
REQUEST	CsvFeedSimulation	6		Search	1589464834399	1589464834738	OK	 
REQUEST	CsvFeedSimulation	4		Search	1589464834400	1589464834738	OK	 
REQUEST	CsvFeedSimulation	1		Search	1589464834395	1589464834738	OK	 
REQUEST	CsvFeedSimulation	2		Search	1589464834398	1589464834737	OK	 
REQUEST	CsvFeedSimulation	3		Search	1589464834421	1589464834769	OK	 
REQUEST	CsvFeedSimulation	7		Search	1589464834480	1589464834822	OK	 
REQUEST	CsvFeedSimulation	9		Search	1589464834479	1589464834823	OK	 
REQUEST	CsvFeedSimulation	10		Search	1589464834681	1589464835022	OK	 
REQUEST	CsvFeedSimulation	8		Search	1589464834681	1589464835026	OK	 
REQUEST	CsvFeedSimulation	9		Search Redirect 1	1589464834824	1589464835169	OK	 
REQUEST	CsvFeedSimulation	3		Search Redirect 1	1589464834770	1589464835120	OK	 
REQUEST	CsvFeedSimulation	2		Search Redirect 1	1589464834739	1589464835097	OK	 
REQUEST	CsvFeedSimulation	7		Search Redirect 1	1589464834823	1589464835167	OK	 
REQUEST	CsvFeedSimulation	1		Search Redirect 1	1589464834739	1589464835096	OK	 
REQUEST	CsvFeedSimulation	4		Search Redirect 1	1589464834739	1589464835092	KO	css((a:contains('MacBook Pro'),Some(href))).find.exists, found nothing
REQUEST	CsvFeedSimulation	6		Search Redirect 1	1589464834739	1589464835094	KO	css((a:contains('MacBook Pro'),Some(href))).find.exists, found nothing
REQUEST	CsvFeedSimulation	5		Search Redirect 1	1589464834739	1589464835092	KO	css((a:contains('MacBook Pro'),Some(href))).find.exists, found nothing
REQUEST	CsvFeedSimulation	10		Search Redirect 1	1589464835023	1589464835366	OK	 
REQUEST	CsvFeedSimulation	8		Search Redirect 1	1589464835027	1589464835370	KO	css((a:contains('MacBook Pro'),Some(href))).find.exists, found nothing
GROUP	Failed to build request Select: No attribute named 'computerURL' is defined 	1589464836091
GROUP	Failed to build request Select: No attribute named 'computerURL' is defined 	1589464836099
GROUP	Failed to build request Select: No attribute named 'computerURL' is defined 	1589464836099
GROUP	Failed to build request Select: No attribute named 'computerURL' is defined 	1589464836369
REQUEST	CsvFeedSimulation	1		Select	1589464836090	1589464836431	OK	 
REQUEST	CsvFeedSimulation	2		Select	1589464836099	1589464836438	OK	 
REQUEST	CsvFeedSimulation	3		Select	1589464836121	1589464836459	OK	 
REQUEST	CsvFeedSimulation	7		Select	1589464836170	1589464836515	OK	 
REQUEST	CsvFeedSimulation	9		Select	1589464836181	1589464836529	OK	 
REQUEST	CsvFeedSimulation	10		Select	1589464836369	1589464836711	OK	 
REQUEST	CsvFeedSimulation	1		Select Redirect 1	1589464836432	1589464836774	OK	 
REQUEST	CsvFeedSimulation	2		Select Redirect 1	1589464836439	1589464836783	OK	 
REQUEST	CsvFeedSimulation	3		Select Redirect 1	1589464836460	1589464836813	OK	 
REQUEST	CsvFeedSimulation	7		Select Redirect 1	1589464836515	1589464836857	OK	 
REQUEST	CsvFeedSimulation	9		Select Redirect 1	1589464836530	1589464836885	OK	 
REQUEST	CsvFeedSimulation	10		Select Redirect 1	1589464836712	1589464837056	OK	 
REQUEST	CsvFeedSimulation	5		Home Redirect 1	1589464837093	1589464837433	OK	 
REQUEST	CsvFeedSimulation	4		Home Redirect 1	1589464837100	1589464837440	OK	 
REQUEST	CsvFeedSimulation	6		Home Redirect 1	1589464837100	1589464837442	OK	 
REQUEST	CsvFeedSimulation	8		Home Redirect 1	1589464837381	1589464837716	OK	 
REQUEST	CsvFeedSimulation	5		Home Redirect 2	1589464837434	1589464837803	OK	 
REQUEST	CsvFeedSimulation	4		Home Redirect 2	1589464837441	1589464837803	OK	 
REQUEST	CsvFeedSimulation	6		Home Redirect 2	1589464837443	1589464837803	OK	 
REQUEST	CsvFeedSimulation	8		Home Redirect 2	1589464837717	1589464838059	OK	 
REQUEST	CsvFeedSimulation	2		Home Redirect 1	1589464837781	1589464838124	OK	 
REQUEST	CsvFeedSimulation	1		Home Redirect 1	1589464837781	1589464838124	OK	 
REQUEST	CsvFeedSimulation	3		Home Redirect 1	1589464837810	1589464838156	OK	 
REQUEST	CsvFeedSimulation	7		Home Redirect 1	1589464837861	1589464838211	OK	 
REQUEST	CsvFeedSimulation	9		Home Redirect 1	1589464837880	1589464838227	OK	 
REQUEST	CsvFeedSimulation	10		Home Redirect 1	1589464838051	1589464838386	OK	 
REQUEST	CsvFeedSimulation	2		Home Redirect 2	1589464838124	1589464838479	OK	 
REQUEST	CsvFeedSimulation	1		Home Redirect 2	1589464838124	1589464838479	OK	 
REQUEST	CsvFeedSimulation	3		Home Redirect 2	1589464838156	1589464838507	OK	 
REQUEST	CsvFeedSimulation	7		Home Redirect 2	1589464838212	1589464838557	OK	 
REQUEST	CsvFeedSimulation	9		Home Redirect 2	1589464838228	1589464838573	OK	 
REQUEST	CsvFeedSimulation	10		Home Redirect 2	1589464838387	1589464838729	OK	 
REQUEST	CsvFeedSimulation	6		Search Redirect 1	1589464838801	1589464839149	OK	 
REQUEST	CsvFeedSimulation	4		Search Redirect 1	1589464838801	1589464839149	OK	 
REQUEST	CsvFeedSimulation	5		Search Redirect 1	1589464838802	1589464839149	OK	 
REQUEST	CsvFeedSimulation	8		Search Redirect 1	1589464839061	1589464839448	OK	 
REQUEST	CsvFeedSimulation	1		Search Redirect 1	1589464839481	1589464839828	KO	css((a:contains('MacBook Pro'),Some(href))).find.exists, found nothing
REQUEST	CsvFeedSimulation	2		Search Redirect 1	1589464839482	1589464839829	OK	 
REQUEST	CsvFeedSimulation	3		Search Redirect 1	1589464839511	1589464839861	OK	 
REQUEST	CsvFeedSimulation	7		Search Redirect 1	1589464839549	1589464839899	OK	 
REQUEST	CsvFeedSimulation	9		Search Redirect 1	1589464839569	1589464839912	KO	css((a:contains('MacBook Pro'),Some(href))).find.exists, found nothing
REQUEST	CsvFeedSimulation	10		Search Redirect 1	1589464839741	1589464840081	KO	css((a:contains('MacBook Pro'),Some(href))).find.exists, found nothing
USER	CsvFeedSimulation	8	END	1589464830150	1589464840444
REQUEST	CsvFeedSimulation	5		Select	1589464840148	1589464840483	OK	 
REQUEST	CsvFeedSimulation	6		Select	1589464840148	1589464840485	OK	 
REQUEST	CsvFeedSimulation	4		Select	1589464840148	1589464840486	OK	 
USER	CsvFeedSimulation	2	END	1589464830145	1589464840828
USER	CsvFeedSimulation	1	END	1589464830116	1589464840828
REQUEST	CsvFeedSimulation	5		Select Redirect 1	1589464840483	1589464840829	OK	 
USER	CsvFeedSimulation	5	END	1589464830148	1589464840831
REQUEST	CsvFeedSimulation	6		Select Redirect 1	1589464840486	1589464840830	OK	 
USER	CsvFeedSimulation	6	END	1589464830148	1589464840832
REQUEST	CsvFeedSimulation	4		Select Redirect 1	1589464840487	1589464840832	OK	 
USER	CsvFeedSimulation	4	END	1589464830147	1589464840833
USER	CsvFeedSimulation	3	END	1589464830146	1589464840859
USER	CsvFeedSimulation	7	END	1589464830149	1589464840911
USER	CsvFeedSimulation	9	END	1589464830151	1589464840920
USER	CsvFeedSimulation	10	END	1589464830152	1589464841068
